{"/Users/kaylaspecie/Career Items/Applications/Titanbay/titanBayTask/src/controllers/fundController.ts": {"path":"/Users/kaylaspecie/Career Items/Applications/Titanbay/titanBayTask/src/controllers/fundController.ts","statementMap":{"0":{"start":{"line":2,"column":0},"end":{"line":2,"column":56}},"1":{"start":{"line":3,"column":0},"end":{"line":3,"column":58}},"2":{"start":{"line":4,"column":0},"end":{"line":4,"column":63}},"3":{"start":{"line":5,"column":0},"end":{"line":5,"column":60}},"4":{"start":{"line":6,"column":0},"end":{"line":6,"column":69}},"5":{"start":{"line":7,"column":0},"end":{"line":7,"column":71}},"6":{"start":{"line":9,"column":29},"end":{"line":19,"column":1}},"7":{"start":{"line":10,"column":2},"end":{"line":10,"column":75}},"8":{"start":{"line":11,"column":2},"end":{"line":18,"column":3}},"9":{"start":{"line":12,"column":18},"end":{"line":12,"column":42}},"10":{"start":{"line":13,"column":4},"end":{"line":13,"column":41}},"11":{"start":{"line":14,"column":4},"end":{"line":14,"column":32}},"12":{"start":{"line":16,"column":4},"end":{"line":16,"column":71}},"13":{"start":{"line":17,"column":4},"end":{"line":17,"column":61}},"14":{"start":{"line":9,"column":13},"end":{"line":9,"column":29}},"15":{"start":{"line":21,"column":31},"end":{"line":31,"column":1}},"16":{"start":{"line":22,"column":2},"end":{"line":22,"column":80}},"17":{"start":{"line":23,"column":2},"end":{"line":30,"column":3}},"18":{"start":{"line":24,"column":19},"end":{"line":24,"column":29}},"19":{"start":{"line":25,"column":17},"end":{"line":25,"column":47}},"20":{"start":{"line":26,"column":4},"end":{"line":26,"column":31}},"21":{"start":{"line":28,"column":4},"end":{"line":28,"column":77}},"22":{"start":{"line":29,"column":4},"end":{"line":29,"column":61}},"23":{"start":{"line":21,"column":13},"end":{"line":21,"column":31}},"24":{"start":{"line":33,"column":29},"end":{"line":43,"column":1}},"25":{"start":{"line":34,"column":2},"end":{"line":34,"column":76}},"26":{"start":{"line":35,"column":2},"end":{"line":35,"column":37}},"27":{"start":{"line":36,"column":2},"end":{"line":42,"column":3}},"28":{"start":{"line":37,"column":20},"end":{"line":37,"column":54}},"29":{"start":{"line":38,"column":4},"end":{"line":38,"column":34}},"30":{"start":{"line":40,"column":4},"end":{"line":40,"column":70}},"31":{"start":{"line":41,"column":4},"end":{"line":41,"column":61}},"32":{"start":{"line":33,"column":13},"end":{"line":33,"column":29}},"33":{"start":{"line":45,"column":34},"end":{"line":55,"column":1}},"34":{"start":{"line":46,"column":2},"end":{"line":46,"column":80}},"35":{"start":{"line":47,"column":2},"end":{"line":54,"column":3}},"36":{"start":{"line":48,"column":19},"end":{"line":48,"column":29}},"37":{"start":{"line":49,"column":24},"end":{"line":49,"column":67}},"38":{"start":{"line":50,"column":4},"end":{"line":50,"column":38}},"39":{"start":{"line":52,"column":4},"end":{"line":52,"column":80}},"40":{"start":{"line":53,"column":4},"end":{"line":53,"column":61}},"41":{"start":{"line":45,"column":13},"end":{"line":45,"column":34}},"42":{"start":{"line":57,"column":40},"end":{"line":72,"column":1}},"43":{"start":{"line":58,"column":2},"end":{"line":60,"column":4}},"44":{"start":{"line":61,"column":2},"end":{"line":71,"column":3}},"45":{"start":{"line":62,"column":19},"end":{"line":62,"column":29}},"46":{"start":{"line":63,"column":24},"end":{"line":63,"column":63}},"47":{"start":{"line":64,"column":4},"end":{"line":64,"column":38}},"48":{"start":{"line":66,"column":4},"end":{"line":69,"column":6}},"49":{"start":{"line":70,"column":4},"end":{"line":70,"column":61}},"50":{"start":{"line":57,"column":13},"end":{"line":57,"column":40}},"51":{"start":{"line":74,"column":42},"end":{"line":91,"column":1}},"52":{"start":{"line":75,"column":2},"end":{"line":77,"column":4}},"53":{"start":{"line":78,"column":2},"end":{"line":78,"column":37}},"54":{"start":{"line":79,"column":2},"end":{"line":79,"column":53}},"55":{"start":{"line":80,"column":2},"end":{"line":90,"column":3}},"56":{"start":{"line":81,"column":19},"end":{"line":81,"column":29}},"57":{"start":{"line":82,"column":26},"end":{"line":82,"column":77}},"58":{"start":{"line":83,"column":4},"end":{"line":83,"column":40}},"59":{"start":{"line":85,"column":4},"end":{"line":88,"column":6}},"60":{"start":{"line":89,"column":4},"end":{"line":89,"column":61}},"61":{"start":{"line":74,"column":13},"end":{"line":74,"column":42}}},"fnMap":{"0":{"name":"(anonymous_0)","decl":{"start":{"line":9,"column":29},"end":{"line":9,"column":34}},"loc":{"start":{"line":9,"column":67},"end":{"line":19,"column":1}}},"1":{"name":"(anonymous_1)","decl":{"start":{"line":21,"column":31},"end":{"line":21,"column":36}},"loc":{"start":{"line":21,"column":69},"end":{"line":31,"column":1}}},"2":{"name":"(anonymous_2)","decl":{"start":{"line":33,"column":29},"end":{"line":33,"column":34}},"loc":{"start":{"line":33,"column":67},"end":{"line":43,"column":1}}},"3":{"name":"(anonymous_3)","decl":{"start":{"line":45,"column":34},"end":{"line":45,"column":39}},"loc":{"start":{"line":45,"column":72},"end":{"line":55,"column":1}}},"4":{"name":"(anonymous_4)","decl":{"start":{"line":57,"column":40},"end":{"line":57,"column":45}},"loc":{"start":{"line":57,"column":78},"end":{"line":72,"column":1}}},"5":{"name":"(anonymous_5)","decl":{"start":{"line":74,"column":42},"end":{"line":74,"column":47}},"loc":{"start":{"line":74,"column":80},"end":{"line":91,"column":1}}}},"branchMap":{},"s":{"0":2,"1":2,"2":2,"3":2,"4":2,"5":2,"6":2,"7":1,"8":1,"9":1,"10":1,"11":1,"12":0,"13":0,"14":2,"15":2,"16":1,"17":1,"18":1,"19":1,"20":1,"21":0,"22":0,"23":2,"24":2,"25":1,"26":1,"27":1,"28":1,"29":1,"30":0,"31":0,"32":2,"33":2,"34":0,"35":0,"36":0,"37":0,"38":0,"39":0,"40":0,"41":2,"42":2,"43":1,"44":1,"45":1,"46":1,"47":1,"48":0,"49":0,"50":2,"51":2,"52":1,"53":1,"54":1,"55":1,"56":1,"57":1,"58":1,"59":0,"60":0,"61":2},"f":{"0":1,"1":1,"2":1,"3":0,"4":1,"5":1},"b":{}}
,"/Users/kaylaspecie/Career Items/Applications/Titanbay/titanBayTask/src/controllers/investorController.ts": {"path":"/Users/kaylaspecie/Career Items/Applications/Titanbay/titanBayTask/src/controllers/investorController.ts","statementMap":{"0":{"start":{"line":2,"column":0},"end":{"line":2,"column":64}},"1":{"start":{"line":3,"column":0},"end":{"line":3,"column":66}},"2":{"start":{"line":5,"column":33},"end":{"line":14,"column":1}},"3":{"start":{"line":6,"column":2},"end":{"line":6,"column":87}},"4":{"start":{"line":7,"column":2},"end":{"line":13,"column":3}},"5":{"start":{"line":8,"column":22},"end":{"line":8,"column":50}},"6":{"start":{"line":9,"column":4},"end":{"line":9,"column":36}},"7":{"start":{"line":11,"column":4},"end":{"line":11,"column":79}},"8":{"start":{"line":12,"column":4},"end":{"line":12,"column":61}},"9":{"start":{"line":5,"column":13},"end":{"line":5,"column":33}},"10":{"start":{"line":16,"column":33},"end":{"line":26,"column":1}},"11":{"start":{"line":17,"column":2},"end":{"line":17,"column":88}},"12":{"start":{"line":18,"column":2},"end":{"line":18,"column":37}},"13":{"start":{"line":19,"column":2},"end":{"line":25,"column":3}},"14":{"start":{"line":20,"column":24},"end":{"line":20,"column":62}},"15":{"start":{"line":21,"column":4},"end":{"line":21,"column":38}},"16":{"start":{"line":23,"column":4},"end":{"line":23,"column":78}},"17":{"start":{"line":24,"column":4},"end":{"line":24,"column":61}},"18":{"start":{"line":16,"column":13},"end":{"line":16,"column":33}}},"fnMap":{"0":{"name":"(anonymous_0)","decl":{"start":{"line":5,"column":33},"end":{"line":5,"column":38}},"loc":{"start":{"line":5,"column":71},"end":{"line":14,"column":1}}},"1":{"name":"(anonymous_1)","decl":{"start":{"line":16,"column":33},"end":{"line":16,"column":38}},"loc":{"start":{"line":16,"column":71},"end":{"line":26,"column":1}}}},"branchMap":{},"s":{"0":1,"1":1,"2":1,"3":1,"4":1,"5":1,"6":1,"7":0,"8":0,"9":1,"10":1,"11":1,"12":1,"13":1,"14":1,"15":1,"16":0,"17":0,"18":1},"f":{"0":1,"1":1},"b":{}}
,"/Users/kaylaspecie/Career Items/Applications/Titanbay/titanBayTask/src/models/fundsModel.ts": {"path":"/Users/kaylaspecie/Career Items/Applications/Titanbay/titanBayTask/src/models/fundsModel.ts","statementMap":{"0":{"start":{"line":2,"column":0},"end":{"line":2,"column":29}},"1":{"start":{"line":20,"column":32},"end":{"line":34,"column":1}},"2":{"start":{"line":21,"column":16},"end":{"line":30,"column":10}},"3":{"start":{"line":31,"column":29},"end":{"line":31,"column":58}},"4":{"start":{"line":32,"column":2},"end":{"line":32,"column":24}},"5":{"start":{"line":33,"column":2},"end":{"line":33,"column":18}},"6":{"start":{"line":20,"column":13},"end":{"line":20,"column":32}},"7":{"start":{"line":36,"column":36},"end":{"line":45,"column":1}},"8":{"start":{"line":37,"column":16},"end":{"line":41,"column":4}},"9":{"start":{"line":42,"column":33},"end":{"line":42,"column":68}},"10":{"start":{"line":43,"column":2},"end":{"line":43,"column":45}},"11":{"start":{"line":44,"column":2},"end":{"line":44,"column":25}},"12":{"start":{"line":36,"column":13},"end":{"line":36,"column":36}},"13":{"start":{"line":47,"column":34},"end":{"line":59,"column":1}},"14":{"start":{"line":48,"column":16},"end":{"line":50,"column":4}},"15":{"start":{"line":51,"column":28},"end":{"line":56,"column":4}},"16":{"start":{"line":57,"column":2},"end":{"line":57,"column":35}},"17":{"start":{"line":58,"column":2},"end":{"line":58,"column":20}},"18":{"start":{"line":47,"column":13},"end":{"line":47,"column":34}},"19":{"start":{"line":61,"column":39},"end":{"line":83,"column":1}},"20":{"start":{"line":65,"column":16},"end":{"line":73,"column":4}},"21":{"start":{"line":74,"column":32},"end":{"line":80,"column":4}},"22":{"start":{"line":81,"column":2},"end":{"line":81,"column":43}},"23":{"start":{"line":82,"column":2},"end":{"line":82,"column":24}},"24":{"start":{"line":61,"column":13},"end":{"line":61,"column":39}},"25":{"start":{"line":85,"column":45},"end":{"line":99,"column":1}},"26":{"start":{"line":88,"column":16},"end":{"line":93,"column":4}},"27":{"start":{"line":94,"column":35},"end":{"line":96,"column":4}},"28":{"start":{"line":97,"column":2},"end":{"line":97,"column":49}},"29":{"start":{"line":98,"column":2},"end":{"line":98,"column":24}},"30":{"start":{"line":85,"column":13},"end":{"line":85,"column":45}},"31":{"start":{"line":101,"column":47},"end":{"line":118,"column":1}},"32":{"start":{"line":105,"column":16},"end":{"line":109,"column":4}},"33":{"start":{"line":110,"column":34},"end":{"line":115,"column":4}},"34":{"start":{"line":116,"column":2},"end":{"line":116,"column":47}},"35":{"start":{"line":117,"column":2},"end":{"line":117,"column":26}},"36":{"start":{"line":101,"column":13},"end":{"line":101,"column":47}}},"fnMap":{"0":{"name":"(anonymous_0)","decl":{"start":{"line":20,"column":32},"end":{"line":20,"column":37}},"loc":{"start":{"line":20,"column":60},"end":{"line":34,"column":1}}},"1":{"name":"(anonymous_1)","decl":{"start":{"line":36,"column":36},"end":{"line":36,"column":41}},"loc":{"start":{"line":36,"column":72},"end":{"line":45,"column":1}}},"2":{"name":"(anonymous_2)","decl":{"start":{"line":47,"column":34},"end":{"line":47,"column":39}},"loc":{"start":{"line":47,"column":70},"end":{"line":59,"column":1}}},"3":{"name":"(anonymous_3)","decl":{"start":{"line":61,"column":39},"end":{"line":61,"column":44}},"loc":{"start":{"line":64,"column":19},"end":{"line":83,"column":1}}},"4":{"name":"(anonymous_4)","decl":{"start":{"line":85,"column":45},"end":{"line":85,"column":50}},"loc":{"start":{"line":87,"column":27},"end":{"line":99,"column":1}}},"5":{"name":"(anonymous_5)","decl":{"start":{"line":101,"column":47},"end":{"line":101,"column":52}},"loc":{"start":{"line":104,"column":25},"end":{"line":118,"column":1}}}},"branchMap":{},"s":{"0":3,"1":3,"2":2,"3":2,"4":2,"5":2,"6":3,"7":3,"8":2,"9":2,"10":2,"11":2,"12":3,"13":3,"14":1,"15":1,"16":1,"17":1,"18":3,"19":3,"20":0,"21":0,"22":0,"23":0,"24":3,"25":3,"26":1,"27":1,"28":1,"29":1,"30":3,"31":3,"32":1,"33":1,"34":1,"35":1,"36":3},"f":{"0":2,"1":2,"2":1,"3":0,"4":1,"5":1},"b":{}}
,"/Users/kaylaspecie/Career Items/Applications/Titanbay/titanBayTask/src/models/investorModels.ts": {"path":"/Users/kaylaspecie/Career Items/Applications/Titanbay/titanBayTask/src/models/investorModels.ts","statementMap":{"0":{"start":{"line":2,"column":0},"end":{"line":2,"column":29}},"1":{"start":{"line":12,"column":36},"end":{"line":21,"column":1}},"2":{"start":{"line":13,"column":18},"end":{"line":17,"column":6}},"3":{"start":{"line":18,"column":35},"end":{"line":18,"column":68}},"4":{"start":{"line":19,"column":4},"end":{"line":19,"column":47}},"5":{"start":{"line":20,"column":4},"end":{"line":20,"column":24}},"6":{"start":{"line":12,"column":13},"end":{"line":12,"column":36}},"7":{"start":{"line":23,"column":38},"end":{"line":34,"column":1}},"8":{"start":{"line":24,"column":18},"end":{"line":26,"column":6}},"9":{"start":{"line":27,"column":34},"end":{"line":31,"column":6}},"10":{"start":{"line":32,"column":4},"end":{"line":32,"column":45}},"11":{"start":{"line":33,"column":4},"end":{"line":33,"column":26}},"12":{"start":{"line":23,"column":13},"end":{"line":23,"column":38}}},"fnMap":{"0":{"name":"(anonymous_0)","decl":{"start":{"line":12,"column":36},"end":{"line":12,"column":41}},"loc":{"start":{"line":12,"column":68},"end":{"line":21,"column":1}}},"1":{"name":"(anonymous_1)","decl":{"start":{"line":23,"column":38},"end":{"line":23,"column":43}},"loc":{"start":{"line":23,"column":86},"end":{"line":34,"column":1}}}},"branchMap":{},"s":{"0":1,"1":1,"2":1,"3":1,"4":1,"5":1,"6":1,"7":1,"8":1,"9":1,"10":1,"11":1,"12":1},"f":{"0":1,"1":1},"b":{}}
,"/Users/kaylaspecie/Career Items/Applications/Titanbay/titanBayTask/src/routes/fundRoutes.ts": {"path":"/Users/kaylaspecie/Career Items/Applications/Titanbay/titanBayTask/src/routes/fundRoutes.ts","statementMap":{"0":{"start":{"line":1,"column":0},"end":{"line":1,"column":33}},"1":{"start":{"line":2,"column":0},"end":{"line":2,"column":62}},"2":{"start":{"line":3,"column":0},"end":{"line":3,"column":62}},"3":{"start":{"line":4,"column":0},"end":{"line":4,"column":67}},"4":{"start":{"line":5,"column":0},"end":{"line":5,"column":64}},"5":{"start":{"line":6,"column":0},"end":{"line":6,"column":73}},"6":{"start":{"line":7,"column":0},"end":{"line":7,"column":75}},"7":{"start":{"line":9,"column":15},"end":{"line":9,"column":23}},"8":{"start":{"line":11,"column":0},"end":{"line":11,"column":31}},"9":{"start":{"line":12,"column":0},"end":{"line":12,"column":36}},"10":{"start":{"line":13,"column":0},"end":{"line":13,"column":32}},"11":{"start":{"line":14,"column":0},"end":{"line":14,"column":39}},"12":{"start":{"line":15,"column":0},"end":{"line":15,"column":57}},"13":{"start":{"line":16,"column":0},"end":{"line":16,"column":60}},"14":{"start":{"line":19,"column":0},"end":{"line":19,"column":22}}},"fnMap":{},"branchMap":{},"s":{"0":2,"1":2,"2":2,"3":2,"4":2,"5":2,"6":2,"7":2,"8":2,"9":2,"10":2,"11":2,"12":2,"13":2,"14":2},"f":{},"b":{}}
,"/Users/kaylaspecie/Career Items/Applications/Titanbay/titanBayTask/src/routes/investorRoutes.ts": {"path":"/Users/kaylaspecie/Career Items/Applications/Titanbay/titanBayTask/src/routes/investorRoutes.ts","statementMap":{"0":{"start":{"line":1,"column":0},"end":{"line":1,"column":33}},"1":{"start":{"line":2,"column":0},"end":{"line":2,"column":70}},"2":{"start":{"line":3,"column":0},"end":{"line":3,"column":70}},"3":{"start":{"line":5,"column":15},"end":{"line":5,"column":23}},"4":{"start":{"line":7,"column":0},"end":{"line":7,"column":35}},"5":{"start":{"line":8,"column":0},"end":{"line":8,"column":36}},"6":{"start":{"line":10,"column":0},"end":{"line":10,"column":22}}},"fnMap":{},"branchMap":{},"s":{"0":1,"1":1,"2":1,"3":1,"4":1,"5":1,"6":1},"f":{},"b":{}}
}
